<?xml version="1.0" encoding="UTF-8"?>
<!-- Generated by org.testng.reporters.JUnitReportReporter -->
<testsuite hostname="LAPTOP-IQFATUSG" failures="0" tests="1" name="Maven_project.Maven_project.AppTest" time="0.016" errors="0" timestamp="2024-06-11T12:09:13 IST" skipped="0">
  <testcase classname="Maven_project.Maven_project.AppTest" name="shouldAnswerWithTrue" time="0.016"/>
  <system-out/>
</testsuite> <!-- Maven_project.Maven_project.AppTest -->
